<?xml version="1.0" encoding="UTF-8"?>
<testng-results ignored="0" total="1" passed="1" failed="0" skipped="0">
  <reporter-output>
  </reporter-output>
  <suite started-at="2023-12-19T12:06:36 IST" name="Default suite" finished-at="2023-12-19T12:06:44 IST" duration-ms="7987">
    <groups>
    </groups>
    <test started-at="2023-12-19T12:06:36 IST" name="Default test" finished-at="2023-12-19T12:06:44 IST" duration-ms="7987">
      <class name="testcase.MyFirstTestFW">
        <test-method is-config="true" signature="Setup()[pri:0, instance:testcase.MyFirstTestFW@35dab4eb]" started-at="2023-12-19T12:06:36 IST" name="Setup" finished-at="2023-12-19T12:06:40 IST" duration-ms="4123" status="PASS">
          <reporter-output>
          </reporter-output>
        </test-method> <!-- Setup -->
        <test-method signature="SearchTest()[pri:0, instance:testcase.MyFirstTestFW@35dab4eb]" started-at="2023-12-19T12:06:40 IST" name="SearchTest" finished-at="2023-12-19T12:06:44 IST" duration-ms="3495" status="PASS">
          <reporter-output>
          </reporter-output>
        </test-method> <!-- SearchTest -->
        <test-method is-config="true" signature="tearDown()[pri:0, instance:testcase.MyFirstTestFW@35dab4eb]" started-at="2023-12-19T12:06:44 IST" name="tearDown" finished-at="2023-12-19T12:06:44 IST" duration-ms="288" status="PASS">
          <reporter-output>
          </reporter-output>
        </test-method> <!-- tearDown -->
      </class> <!-- testcase.MyFirstTestFW -->
    </test> <!-- Default test -->
  </suite> <!-- Default suite -->
</testng-results>
